2025-05-15 13:11:47,048 - StableDiffusion - INFO - Khởi động pipeline...
2025-05-15 13:11:47,824 - StableDiffusion - INFO - Đang tải các thành phần của Stable Diffusion...
2025-05-15 13:11:47,824 - StableDiffusion - INFO - Tải VAE model...
2025-05-15 13:11:50,541 - StableDiffusion - INFO - Tải CLIP tokenizer và text encoder...
2025-05-15 13:11:51,493 - StableDiffusion - INFO - Tải UNet model...
2025-05-15 13:11:52,107 - StableDiffusion - INFO - Tải LMS scheduler...
2025-05-15 13:11:52,424 - StableDiffusion - INFO - Chuyển các mô hình đến thiết bị: cuda
2025-05-15 13:11:53,487 - StableDiffusion - INFO - Bắt đầu quá trình tạo ảnh với tham số:
2025-05-15 13:11:53,488 - StableDiffusion - INFO - - Prompt: 'thành phố tương lai với xe bay'
2025-05-15 13:11:53,488 - StableDiffusion - INFO - - Kích thước: 512x512
2025-05-15 13:11:53,488 - StableDiffusion - INFO - - Guidance scale: 6.0
2025-05-15 13:11:53,488 - StableDiffusion - INFO - - Số bước: 50
2025-05-15 13:11:53,488 - StableDiffusion - INFO - - Device: cuda
2025-05-15 13:11:53,488 - StableDiffusion - INFO - Tạo latents với seed: random
2025-05-15 13:11:53,488 - StableDiffusion - INFO - Sử dụng seed ngẫu nhiên
2025-05-15 13:11:53,488 - StableDiffusion - INFO - Tokenizing prompt...
2025-05-15 13:11:53,489 - StableDiffusion - INFO - Tạo text embeddings...
2025-05-15 13:11:53,711 - StableDiffusion - INFO - Tạo unconditional embeddings...
2025-05-15 13:11:53,719 - StableDiffusion - INFO - Tạo latents với kích thước: 1x4x64x64
2025-05-15 13:11:53,720 - StableDiffusion - INFO - Cài đặt scheduler với 50 bước
2025-05-15 13:11:53,721 - StableDiffusion - INFO - Bắt đầu quá trình khử nhiễu...
2025-05-15 13:11:56,159 - StableDiffusion - INFO - Giải mã latents thành ảnh...
2025-05-15 13:11:56,255 - StableDiffusion - INFO - Đã chuyển đổi thành công tensor thành ảnh PIL
2025-05-15 13:11:56,342 - StableDiffusion - INFO - Đã lưu ảnh tại: outputs/custom_output_g6.0_s50_20250515_131156.png
2025-05-15 13:11:56,350 - StableDiffusion - INFO - Hoàn thành!
2025-05-15 13:13:19,785 - StableDiffusion - INFO - Khởi động pipeline...
2025-05-15 13:13:20,561 - StableDiffusion - INFO - Đang tải các thành phần của Stable Diffusion...
2025-05-15 13:13:20,562 - StableDiffusion - INFO - Tải VAE model...
2025-05-15 13:13:23,756 - StableDiffusion - INFO - Tải CLIP tokenizer và text encoder...
2025-05-15 13:13:25,366 - StableDiffusion - INFO - Tải UNet model...
2025-05-15 13:13:26,004 - StableDiffusion - INFO - Tải LMS scheduler...
2025-05-15 13:13:26,288 - StableDiffusion - INFO - Chuyển các mô hình đến thiết bị: cuda
2025-05-15 13:13:27,506 - StableDiffusion - INFO - Bắt đầu quá trình tạo ảnh với tham số:
2025-05-15 13:13:27,506 - StableDiffusion - INFO - - Prompt: 'thành phố tương lai với xe bay'
2025-05-15 13:13:27,506 - StableDiffusion - INFO - - Kích thước: 512x512
2025-05-15 13:13:27,506 - StableDiffusion - INFO - - Guidance scale: 6.0
2025-05-15 13:13:27,506 - StableDiffusion - INFO - - Số bước: 50
2025-05-15 13:13:27,506 - StableDiffusion - INFO - - Device: cuda
2025-05-15 13:13:27,506 - StableDiffusion - INFO - Tạo latents với seed: random
2025-05-15 13:13:27,506 - StableDiffusion - INFO - Sử dụng seed ngẫu nhiên
2025-05-15 13:13:27,506 - StableDiffusion - INFO - Tokenizing prompt...
2025-05-15 13:13:27,507 - StableDiffusion - INFO - Tạo text embeddings...
2025-05-15 13:13:27,722 - StableDiffusion - INFO - Tạo unconditional embeddings...
2025-05-15 13:13:27,730 - StableDiffusion - INFO - Tạo latents với kích thước: 1x4x64x64
2025-05-15 13:13:27,732 - StableDiffusion - INFO - Cài đặt scheduler với 50 bước
2025-05-15 13:13:27,732 - StableDiffusion - INFO - Bắt đầu quá trình khử nhiễu...
2025-05-15 13:13:30,025 - StableDiffusion - INFO - Giải mã latents thành ảnh...
2025-05-15 13:13:30,121 - StableDiffusion - INFO - Đã chuyển đổi thành công tensor thành ảnh PIL
2025-05-15 13:13:30,192 - StableDiffusion - INFO - Đã lưu ảnh tại: outputs/custom_output_g6.0_s50.png
2025-05-15 13:13:30,197 - StableDiffusion - INFO - Hoàn thành!